<?xml version="1.0" encoding="UTF-8"?>
<testsuite name="TestStringAndMapBuilders" tests="1" skipped="0" failures="0" errors="0" timestamp="2024-09-14T03:09:11" hostname="DESKTOP-FDF9PFQ" time="0.01">
  <properties/>
  <testcase name="testBuildMap" classname="TestStringAndMapBuilders" time="0.01"/>
  <system-out><![CDATA[]]></system-out>
  <system-err><![CDATA[]]></system-err>
</testsuite>
