<?xml version="1.0" encoding="UTF-8"?>
<testsuite name="Test" tests="2" skipped="0" failures="0" errors="0" timestamp="2024-09-14T02:32:41" hostname="DESKTOP-FDF9PFQ" time="0.012">
  <properties/>
  <testcase name="testNegative" classname="Test" time="0.011"/>
  <testcase name="testLargeNumber" classname="Test" time="0.0"/>
  <system-out><![CDATA[]]></system-out>
  <system-err><![CDATA[]]></system-err>
</testsuite>
