<?xml version="1.0" encoding="UTF-8"?>
<testsuite name="TestFlatMap" tests="2" skipped="0" failures="0" errors="0" timestamp="2024-09-14T02:58:28" hostname="DESKTOP-FDF9PFQ" time="0.046">
  <properties/>
  <testcase name="testGetOrderedProductsSet" classname="TestFlatMap" time="0.043"/>
  <testcase name="testGetAllOrderedProducts" classname="TestFlatMap" time="0.003"/>
  <system-out><![CDATA[]]></system-out>
  <system-err><![CDATA[]]></system-err>
</testsuite>
