<?xml version="1.0" encoding="UTF-8"?>
<testsuite name="TestLazyProperty" tests="2" skipped="0" failures="0" errors="0" timestamp="2024-09-14T03:06:00" hostname="DESKTOP-FDF9PFQ" time="0.01">
  <properties/>
  <testcase name="testLazy" classname="TestLazyProperty" time="0.008"/>
  <testcase name="initializedOnce" classname="TestLazyProperty" time="0.002"/>
  <system-out><![CDATA[]]></system-out>
  <system-err><![CDATA[]]></system-err>
</testsuite>
