<?xml version="1.0" encoding="UTF-8"?>
<testsuite name="TestDelegatesExamples" tests="2" skipped="0" failures="0" errors="0" timestamp="2024-09-14T03:06:30" hostname="DESKTOP-FDF9PFQ" time="0.017">
  <properties/>
  <testcase name="testLazy" classname="TestDelegatesExamples" time="0.015"/>
  <testcase name="initializedOnce" classname="TestDelegatesExamples" time="0.002"/>
  <system-out><![CDATA[]]></system-out>
  <system-err><![CDATA[]]></system-err>
</testsuite>
