<?xml version="1.0" encoding="UTF-8"?>
<testsuite name="TestIntroduction" tests="1" skipped="0" failures="0" errors="0" timestamp="2024-09-14T02:53:40" hostname="DESKTOP-FDF9PFQ" time="0.046">
  <properties/>
  <testcase name="testSetOfCustomers" classname="TestIntroduction" time="0.046"/>
  <system-out><![CDATA[]]></system-out>
  <system-err><![CDATA[]]></system-err>
</testsuite>
