<?xml version="1.0" encoding="UTF-8"?>
<testsuite name="TestSmartCasts" tests="3" skipped="0" failures="0" errors="0" timestamp="2024-09-14T02:36:08" hostname="DESKTOP-FDF9PFQ" time="0.016">
  <properties/>
  <testcase name="testNum" classname="TestSmartCasts" time="0.012"/>
  <testcase name="testSum" classname="TestSmartCasts" time="0.001"/>
  <testcase name="testRecursion" classname="TestSmartCasts" time="0.001"/>
  <system-out><![CDATA[]]></system-out>
  <system-err><![CDATA[]]></system-err>
</testsuite>
