<?xml version="1.0" encoding="UTF-8"?>
<testsuite name="TestNamedArguments" tests="1" skipped="0" failures="0" errors="0" timestamp="2024-09-13T22:37:30" hostname="DESKTOP-FDF9PFQ" time="0.032">
  <properties/>
  <testcase name="testJoinToString" classname="TestNamedArguments" time="0.032"/>
  <system-out><![CDATA[]]></system-out>
  <system-err><![CDATA[]]></system-err>
</testsuite>
