<?xml version="1.0" encoding="UTF-8"?>
<testsuite name="Test" tests="1" skipped="0" failures="0" errors="0" timestamp="2024-09-14T02:39:52" hostname="DESKTOP-FDF9PFQ" time="0.059">
  <properties/>
  <testcase name="testRandom" classname="Test" time="0.059"/>
  <system-out><![CDATA[]]></system-out>
  <system-err><![CDATA[]]></system-err>
</testsuite>
