<?xml version="1.0" encoding="UTF-8"?>
<testsuite name="TestDataClasses" tests="2" skipped="0" failures="0" errors="0" timestamp="2024-09-14T02:35:30" hostname="DESKTOP-FDF9PFQ" time="0.029">
  <properties/>
  <testcase name="testComparePeople" classname="TestDataClasses" time="0.008"/>
  <testcase name="testListOfPeople" classname="TestDataClasses" time="0.02"/>
  <system-out><![CDATA[]]></system-out>
  <system-err><![CDATA[]]></system-err>
</testsuite>
