<?xml version="1.0" encoding="UTF-8"?>
<testsuite name="TestInvoke" tests="2" skipped="0" failures="0" errors="0" timestamp="2024-09-14T02:48:26" hostname="DESKTOP-FDF9PFQ" time="0.014">
  <properties/>
  <testcase name="testInvokeTwice" classname="TestInvoke" time="0.011"/>
  <testcase name="testNumberOfInvocations" classname="TestInvoke" time="0.003"/>
  <system-out><![CDATA[]]></system-out>
  <system-err><![CDATA[]]></system-err>
</testsuite>
