<?xml version="1.0" encoding="UTF-8"?>
<testsuite name="TestDelegatesHowItWorks" tests="1" skipped="0" failures="0" errors="0" timestamp="2024-09-14T03:08:06" hostname="DESKTOP-FDF9PFQ" time="0.02">
  <properties/>
  <testcase name="testDate" classname="TestDelegatesHowItWorks" time="0.02"/>
  <system-out><![CDATA[]]></system-out>
  <system-err><![CDATA[]]></system-err>
</testsuite>
