<?xml version="1.0" encoding="UTF-8"?>
<testsuite name="TestLambdas" tests="2" skipped="0" failures="0" errors="0" timestamp="2024-09-14T02:33:41" hostname="DESKTOP-FDF9PFQ" time="0.037">
  <properties/>
  <testcase name="contains" classname="TestLambdas" time="0.032"/>
  <testcase name="notContains" classname="TestLambdas" time="0.005"/>
  <system-out><![CDATA[]]></system-out>
  <system-err><![CDATA[]]></system-err>
</testsuite>
