<?xml version="1.0" encoding="UTF-8"?>
<testsuite name="TestForLoop" tests="2" skipped="0" failures="0" errors="0" timestamp="2024-09-14T02:42:41" hostname="DESKTOP-FDF9PFQ" time="0.025">
  <properties/>
  <testcase name="testIterateOverDateRange" classname="TestForLoop" time="0.022"/>
  <testcase name="testIterateOverEmptyRange" classname="TestForLoop" time="0.002"/>
  <system-out><![CDATA[]]></system-out>
  <system-err><![CDATA[]]></system-err>
</testsuite>
