<?xml version="1.0" encoding="UTF-8"?>
<testsuite name="TestGroupBy" tests="1" skipped="0" failures="0" errors="0" timestamp="2024-09-14T02:57:23" hostname="DESKTOP-FDF9PFQ" time="0.039">
  <properties/>
  <testcase name="testGroupCustomersByCity" classname="TestGroupBy" time="0.039"/>
  <system-out><![CDATA[]]></system-out>
  <system-err><![CDATA[]]></system-err>
</testsuite>
